[
  {
    "description": "calendar should show when date picker image button is clicked",
    "assertions": [
      {
        "passed": true
      }
    ],
    "duration": 152
  },
  {
    "description": "calendar should show when date entry field is clicked",
    "assertions": [
      {
        "passed": true
      }
    ],
    "duration": 185
  },
  {
    "description": "Time selector should show when time entry field is clicked is clicked",
    "assertions": [
      {
        "passed": true
      }
    ],
    "duration": 162
  },
  {
    "description": "Time selector should show when time picker icon is clicked is clicked",
    "assertions": [
      {
        "passed": true
      }
    ],
    "duration": 216
  },
  {
    "description": "calendar should show when date picker icon is clicked",
    "assertions": [
      {
        "passed": true
      }
    ],
    "duration": 320
  },
  {
    "description": "calendar should show previous month when left arrow is clicked",
    "assertions": [
      {
        "passed": true
      }
    ],
    "duration": 282
  },
  {
    "description": "calendar should show next month when right arrow is clicked",
    "assertions": [
      {
        "passed": true
      }
    ],
    "duration": 290
  },
  {
    "description": "date -> should be able to enter date",
    "assertions": [
      {
        "passed": false,
        "errorMsg": "expected '01/11/2012/17/201516' to equal '12/17/2015'",
        "stackTrace": "AssertionError: expected '01/11/2012/17/201516' to equal '12/17/2015'\nFrom: Task: date-picker functional test suite -> input text field -> date -> should be able to enter date\n    at Context.ret (D:\\Code\\em-cuc\\node_modules\\selenium-webdriver\\testing\\index.js:128:10)\n    at callFnAsync (D:\\Code\\em-cuc\\node_modules\\mocha\\lib\\runnable.js:306:8)\n    at Test.Runnable.run (D:\\Code\\em-cuc\\node_modules\\mocha\\lib\\runnable.js:261:7)\n    at Runner.runTest (D:\\Code\\em-cuc\\node_modules\\mocha\\lib\\runner.js:421:10)\n    at D:\\Code\\em-cuc\\node_modules\\mocha\\lib\\runner.js:528:12\n    at next (D:\\Code\\em-cuc\\node_modules\\mocha\\lib\\runner.js:341:14)\n    at D:\\Code\\em-cuc\\node_modules\\mocha\\lib\\runner.js:351:7\n    at next (D:\\Code\\em-cuc\\node_modules\\mocha\\lib\\runner.js:283:14)\n    at Immediate._onImmediate (D:\\Code\\em-cuc\\node_modules\\mocha\\lib\\runner.js:319:5)"
      }
    ],
    "duration": 322
  },
  {
    "description": "Time -> should be able to enter time",
    "assertions": [
      {
        "passed": false,
        "errorMsg": "expected '01:2001:30 PM PM' to equal '01:30 PM'",
        "stackTrace": "AssertionError: expected '01:2001:30 PM PM' to equal '01:30 PM'\nFrom: Task: date-picker functional test suite -> input text field -> Time -> should be able to enter time\n    at Context.ret (D:\\Code\\em-cuc\\node_modules\\selenium-webdriver\\testing\\index.js:128:10)\n    at callFnAsync (D:\\Code\\em-cuc\\node_modules\\mocha\\lib\\runnable.js:306:8)\n    at Test.Runnable.run (D:\\Code\\em-cuc\\node_modules\\mocha\\lib\\runnable.js:261:7)\n    at Runner.runTest (D:\\Code\\em-cuc\\node_modules\\mocha\\lib\\runner.js:421:10)\n    at D:\\Code\\em-cuc\\node_modules\\mocha\\lib\\runner.js:528:12\n    at next (D:\\Code\\em-cuc\\node_modules\\mocha\\lib\\runner.js:341:14)\n    at D:\\Code\\em-cuc\\node_modules\\mocha\\lib\\runner.js:351:7\n    at next (D:\\Code\\em-cuc\\node_modules\\mocha\\lib\\runner.js:283:14)\n    at Immediate._onImmediate (D:\\Code\\em-cuc\\node_modules\\mocha\\lib\\runner.js:319:5)"
      }
    ],
    "duration": 396
  },
  {
    "description": "date -> should NOT accept invalid date format",
    "assertions": [
      {
        "passed": true
      }
    ],
    "duration": 311
  }
]